2017/12/26 15:33:07 [error] [system.db.CDbCommand] CDbCommand::fetchAll() failed: SQLSTATE[42S02]: Base table or view not found: 1146 Table 'Database1.tbl_migration' doesn't exist. The SQL statement executed was: SHOW FULL COLUMNS FROM `tbl_migration`.
2017/12/26 15:36:33 [error] [php] include(m171226_100329_comment.php): failed to open stream: No such file or directory (/var/www/html/testdrive/framework/YiiBase.php:432)
Stack trace:
#0 /var/www/html/testdrive/framework/cli/commands/MigrateCommand.php(459): spl_autoload_call()
#1 /var/www/html/testdrive/framework/cli/commands/MigrateCommand.php(414): MigrateCommand->instantiateMigration()
#2 /var/www/html/testdrive/framework/cli/commands/MigrateCommand.php(109): MigrateCommand->migrateUp()
#3 unknown(0): MigrateCommand->actionUp()
#4 /var/www/html/testdrive/framework/console/CConsoleCommand.php(172): ReflectionMethod->invokeArgs()
#5 /var/www/html/testdrive/framework/console/CConsoleCommandRunner.php(71): MigrateCommand->run()
#6 /var/www/html/testdrive/framework/console/CConsoleApplication.php(92): CConsoleCommandRunner->run()
#7 /var/www/html/testdrive/framework/base/CApplication.php(185): CConsoleApplication->processRequest()
#8 /var/www/html/testdrive/framework/yiic.php(33): CConsoleApplication->run()
#9 /var/www/html/testapp1/protected/yiic.php(7): require_once()
#10 /var/www/html/testapp1/protected/yiic(4): require_once()

2017/12/26 15:37:29 [error] [php] include(m171226_100329_comment.php): failed to open stream: No such file or directory (/var/www/html/testdrive/framework/YiiBase.php:432)
Stack trace:
#0 /var/www/html/testdrive/framework/cli/commands/MigrateCommand.php(459): spl_autoload_call()
#1 /var/www/html/testdrive/framework/cli/commands/MigrateCommand.php(414): MigrateCommand->instantiateMigration()
#2 /var/www/html/testdrive/framework/cli/commands/MigrateCommand.php(109): MigrateCommand->migrateUp()
#3 unknown(0): MigrateCommand->actionUp()
#4 /var/www/html/testdrive/framework/console/CConsoleCommand.php(172): ReflectionMethod->invokeArgs()
#5 /var/www/html/testdrive/framework/console/CConsoleCommandRunner.php(71): MigrateCommand->run()
#6 /var/www/html/testdrive/framework/console/CConsoleApplication.php(92): CConsoleCommandRunner->run()
#7 /var/www/html/testdrive/framework/base/CApplication.php(185): CConsoleApplication->processRequest()
#8 /var/www/html/testdrive/framework/yiic.php(33): CConsoleApplication->run()
#9 /var/www/html/testapp1/protected/yiic.php(7): require_once()
#10 /var/www/html/testapp1/protected/yiic(4): require_once()

2017/12/26 15:37:41 [error] [php] include(m171226_100329_comment.php): failed to open stream: No such file or directory (/var/www/html/testdrive/framework/YiiBase.php:432)
Stack trace:
#0 /var/www/html/testdrive/framework/cli/commands/MigrateCommand.php(459): spl_autoload_call()
#1 /var/www/html/testdrive/framework/cli/commands/MigrateCommand.php(414): MigrateCommand->instantiateMigration()
#2 /var/www/html/testdrive/framework/cli/commands/MigrateCommand.php(109): MigrateCommand->migrateUp()
#3 unknown(0): MigrateCommand->actionUp()
#4 /var/www/html/testdrive/framework/console/CConsoleCommand.php(172): ReflectionMethod->invokeArgs()
#5 /var/www/html/testdrive/framework/console/CConsoleCommandRunner.php(71): MigrateCommand->run()
#6 /var/www/html/testdrive/framework/console/CConsoleApplication.php(92): CConsoleCommandRunner->run()
#7 /var/www/html/testdrive/framework/base/CApplication.php(185): CConsoleApplication->processRequest()
#8 /var/www/html/testdrive/framework/yiic.php(33): CConsoleApplication->run()
#9 /var/www/html/testapp1/protected/yiic.php(7): require_once()
#10 /var/www/html/testapp1/protected/yiic(4): require_once()

